2026-05-25T21:42:03.177Z Project ref: ofzehffrqzvxlnbaxxby
2026-05-25T21:42:03.216Z > npx supabase --version
2026-05-25T21:42:05.280Z 2.100.0
2026-05-25T21:42:05.303Z > npx supabase link --project-ref ofzehffrqzvxlnbaxxby -p "nj0S6nQqvAwYhpDU"
2026-05-25T21:42:07.447Z DESCRIPTION
  Link to a Supabase project.

USAGE
  supabase link [flags]

FLAGS
  --project-ref string    Project ref of the Supabase project.
  --password string       Password to your remote Postgres database.
  --skip-pooler           Use direct connection instead of pooler.

GLOBAL FLAGS
  --help, -h                Show help information
  --version                 Show version information
  --completions choice      Print shell completion script (choices: bash, zsh, fish, sh)
  --log-level choice        Sets the minimum log level (choices: all, trace, debug, info, warn, warning, error, fatal, none)
  --output-format choice    Output format: text (default), json, or stream-json (NDJSON) (choices: text, json, stream-json)
  --output, -o choice       Output format of status variables. (choices: env, pretty, json, toml, yaml)
  --profile string          Use a specific profile for connecting to Supabase API.
  --debug                   Output debug logs to stderr.
  --workdir string          Path to a Supabase project directory.
  --experimental            Enable experimental features.
  --network-id string       Use the specified Docker network instead of a generated one.
  --yes                     Answer yes to all prompts.
  --dns-resolver choice     Look up domain names using the specified resolver. (choices: native, https)
  --create-ticket           Create a support ticket for any CLI error.
  --agent choice            Override agent detection: yes, no, or auto. (choices: auto, yes, no)
[90m|[39m
[31mx[39m  [31mHelp requested[39m
2026-05-25T21:42:07.474Z 
ERROR
  Unrecognized flag: -p in command supabase link
2026-05-25T21:42:07.517Z WARN: link returned non-zero (may already be linked)
2026-05-25T21:42:11.987Z Repairing 171 remote-only migration version(s)...
2026-05-25T21:42:12.025Z > npx supabase migration repair --status reverted 048 053 054 055 056 058 059 060 061 062 063 064 065 066 067 068 069 070 071 072 073 075 076 077 078 079 080 081 082 083 085 090 091 092 093 094 095 096 097 098 099 100 101 102 103 104 105 106 107 108 109 110 111 112 113 114 115 116 117 118 119 120 121 122 123 124 125 126 127 128 129 130 131 132 133 134 135 136 137 138 139 140 141 142 143 144 145 146 147 148 149 150 151 152 153 154 155 156 157 158 159 161 162 163 164 165 166 167 168 169 170 171 172 173 174 175 176 177 178 179 180 181 182 183 184 185 186 187 188 189 190 191 192 193 194 195 196 197 198 199 200 201 203 204 205 206 207 208 209 210 211 212 213 214 215 216 217 218 219 220 221 222 223 224 225 226 227 228 229 230 231
2026-05-25T21:42:16.524Z Finished supabase migration repair.
2026-05-25T21:42:16.557Z Initialising login role...
Connecting to remote database...
Repaired migration history: [048 053 054 055 056 058 059 060 061 062 063 064 065 066 067 068 069 070 071 072 073 075 076 077 078 079 080 081 082 083 085 090 091 092 093 094 095 096 097 098 099 100 101 102 103 104 105 106 107 108 109 110 111 112 113 114 115 116 117 118 119 120 121 122 123 124 125 126 127 128 129 130 131 132 133 134 135 136 137 138 139 140 141 142 143 144 145 146 147 148 149 150 151 152 153 154 155 156 157 158 159 161 162 163 164 165 166 167 168 169 170 171 172 173 174 175 176 177 178 179 180 181 182 183 184 185 186 187 188 189 190 191 192 193 194 195 196 197 198 199 200 201 203 204 205 206 207 208 209 210 211 212 213 214 215 216 217 218 219 220 221 222 223 224 225 226 227 228 229 230 231] => reverted
A new version of Supabase CLI is available: v2.101.0 (currently installed v)
We recommend updating regularly for new features and bug fixes: https://supabase.com/docs/guides/cli/getting-started#updating-the-supabase-cli
Run supabase migration list to show the updated migration history.
2026-05-25T21:42:16.603Z > npx supabase db push --db-url "postgresql://postgres:nj0S6nQqvAwYhpDU@db.ofzehffrqzvxlnbaxxby.supabase.co:5432/postgres"
2026-05-25T21:42:20.076Z Connecting to remote database...
github.com/supabase/cli/pkg@v1.0.0/pgxv5/connect.go:33 (0x7ff6d57d1511)
github.com/supabase/cli/internal/utils/connect.go:169 (0x7ff6d5eea6b8)
github.com/supabase/cli/internal/utils/connect.go:223 (0x7ff6d5eeacab)
github.com/supabase/cli/internal/utils/connect.go:227 (0x7ff6d5f04d5a)
github.com/supabase/cli/internal/utils/connect.go:227 (0x7ff6d5f04d0a)
github.com/supabase/cli/cmd/db.go:167 (0x7ff6d791a225)
github.com/spf13/cobra@v1.10.2/command.go:1015 (0x7ff6d526fc82)
github.com/spf13/cobra@v1.10.2/command.go:1148 (0x7ff6d52705c5)
github.com/supabase/cli/cmd/root.go:173 (0x7ff6d792d446)
github.com/supabase/cli/main.go:11 (0x7ff6d79325ef)
internal/runtime/atomic/types.go:194 (0x7ff6d508897d)
runtime/asm_amd64.s:1693 (0x7ff6d50c2901)

failed to connect to postgres: failed to connect to `host=db.ofzehffrqzvxlnbaxxby.supabase.co user=postgres database=postgres`: failed SASL auth (FATAL: password authentication failed for user "postgres" (SQLSTATE 28P01))
Connect to your database by setting the env var correctly: SUPABASE_DB_PASSWORD
2026-05-25T21:42:20.107Z ERROR: db push failed
